$ npm install
npm WARN deprecated minimatch@2.0.10: Please update to minimatch 3.0.2 or higher to avoid a RegExp DoS issue
npm WARN deprecated minimatch@0.2.14: Please update to minimatch 3.0.2 or higher to avoid a RegExp DoS issue
npm WARN deprecated graceful-fs@1.2.3: graceful-fs v3.0.0 and before will fail on node releases >= v7.0. Please update to graceful-fs@^4.0.0 as soon as possible. Use 'npm ls graceful-fs' to find it in the tree.
delta-dental_CX_Test_Automation@0.0.3 C:\DD_Repos\dd-cx-test
+-- gulp@3.9.0
| +-- archy@1.0.0
| +-- chalk@1.1.3
| | +-- ansi-styles@2.2.1
| | +-- escape-string-regexp@1.0.5
| | +-- has-ansi@2.0.0
| | | `-- ansi-regex@2.1.1
| | +-- strip-ansi@3.0.1
| | `-- supports-color@2.0.0
| +-- deprecated@0.0.1
| +-- interpret@0.6.6
| +-- liftoff@2.3.0
| | +-- extend@3.0.1
| | +-- findup-sync@0.4.3
| | | +-- detect-file@0.1.0
| | | | `-- fs-exists-sync@0.1.0
| | | +-- is-glob@2.0.1
| | | | `-- is-extglob@1.0.0
| | | +-- micromatch@2.3.11
| | | | +-- arr-diff@2.0.0
| | | | | `-- arr-flatten@1.0.3
| | | | +-- array-unique@0.2.1
| | | | +-- braces@1.8.5
| | | | | +-- expand-range@1.8.2
| | | | | | `-- fill-range@2.2.3
| | | | | |   +-- is-number@2.1.0
| | | | | |   +-- isobject@2.1.0
| | | | | |   | `-- isarray@1.0.0
| | | | | |   +-- randomatic@1.1.6
| | | | | |   `-- repeat-string@1.6.1
| | | | | +-- preserve@0.2.0
| | | | | `-- repeat-element@1.1.2
| | | | +-- expand-brackets@0.1.5
| | | | | `-- is-posix-bracket@0.1.1
| | | | +-- extglob@0.3.2
| | | | +-- filename-regex@2.0.1
| | | | +-- kind-of@3.2.2
| | | | | `-- is-buffer@1.1.5
| | | | +-- normalize-path@2.1.1
| | | | | `-- remove-trailing-separator@1.0.1
| | | | +-- object.omit@2.0.1
| | | | | +-- for-own@0.1.5
| | | | | | `-- for-in@1.0.2
| | | | | `-- is-extendable@0.1.1
| | | | +-- parse-glob@3.0.4
| | | | | +-- glob-base@0.3.0
| | | | | | `-- glob-parent@2.0.0
| | | | | `-- is-dotfile@1.0.2
| | | | `-- regex-cache@0.4.3
| | | |   +-- is-equal-shallow@0.1.3
| | | |   `-- is-primitive@2.0.0
| | | `-- resolve-dir@0.1.1
| | |   `-- global-modules@0.2.3
| | |     +-- global-prefix@0.1.5
| | |     | +-- homedir-polyfill@1.0.1
| | |     | | `-- parse-passwd@1.0.0
| | |     | `-- which@1.2.14
| | |     |   `-- isexe@2.0.0
| | |     `-- is-windows@0.2.0
| | +-- fined@1.0.2
| | | +-- expand-tilde@1.2.2
| | | +-- lodash.assignwith@4.2.0
| | | +-- lodash.isempty@4.4.0
| | | +-- lodash.pick@4.4.0
| | | `-- parse-filepath@1.0.1
| | |   +-- is-absolute@0.2.6
| | |   | `-- is-relative@0.2.1
| | |   |   `-- is-unc-path@0.1.2
| | |   |     `-- unc-path-regex@0.1.2
| | |   +-- map-cache@0.2.2
| | |   `-- path-root@0.1.1
| | |     `-- path-root-regex@0.1.2
| | +-- flagged-respawn@0.3.2
| | +-- lodash.isplainobject@4.0.6
| | +-- lodash.isstring@4.0.1
| | +-- lodash.mapvalues@4.6.0
| | +-- rechoir@0.6.2
| | `-- resolve@1.3.3
| |   `-- path-parse@1.0.5
| +-- minimist@1.2.0
| +-- orchestrator@0.3.8
| | +-- end-of-stream@0.1.5
| | | `-- once@1.3.3
| | +-- sequencify@0.0.7
| | `-- stream-consume@0.1.0
| +-- pretty-hrtime@1.0.3
| +-- semver@4.3.6
| +-- tildify@1.2.0
| | `-- os-homedir@1.0.2
| +-- v8flags@2.1.1
| | `-- user-home@1.1.1
| `-- vinyl-fs@0.3.14
|   +-- defaults@1.0.3
|   +-- glob-stream@3.1.18
|   | +-- glob@4.5.3
|   | +-- glob2base@0.0.12
|   | | `-- find-index@0.1.1
|   | +-- minimatch@2.0.10
|   | +-- ordered-read-streams@0.1.0
|   | +-- through2@0.6.5
|   | | `-- readable-stream@1.0.34
|   | `-- unique-stream@1.0.0
|   +-- glob-watcher@0.0.6
|   | `-- gaze@0.5.2
|   |   `-- globule@0.1.0
|   |     +-- glob@3.1.21
|   |     | +-- graceful-fs@1.2.3
|   |     | `-- inherits@1.0.2
|   |     +-- lodash@1.0.2
|   |     `-- minimatch@0.2.14
|   |       +-- lru-cache@2.7.3
|   |       `-- sigmund@1.0.1
|   +-- graceful-fs@3.0.11
|   | `-- natives@1.1.0
|   +-- strip-bom@1.0.0
|   | +-- first-chunk-stream@1.0.0
|   | `-- is-utf8@0.2.1
|   +-- through2@0.6.5
|   | `-- readable-stream@1.0.34
|   `-- vinyl@0.4.6
|     `-- clone@0.2.0
+-- gulp-shell@0.5.2
| +-- async@1.5.2
| +-- lodash@4.17.4
| `-- through2@2.0.3
|   +-- readable-stream@2.2.9
|   | +-- buffer-shims@1.0.0
|   | +-- core-util-is@1.0.2
|   | +-- isarray@1.0.0
|   | +-- process-nextick-args@1.0.7
|   | +-- string_decoder@1.0.0
|   | `-- util-deprecate@1.0.2
|   `-- xtend@4.0.1
+-- gulp-util@3.0.7
| +-- array-differ@1.0.0
| +-- array-uniq@1.0.3
| +-- beeper@1.1.1
| +-- dateformat@1.0.12
| | +-- get-stdin@4.0.1
| | `-- meow@3.7.0
| |   +-- camelcase-keys@2.1.0
| |   | `-- camelcase@2.1.1
| |   +-- decamelize@1.2.0
| |   +-- loud-rejection@1.6.0
| |   | +-- currently-unhandled@0.4.1
| |   | | `-- array-find-index@1.0.2
| |   | `-- signal-exit@3.0.2
| |   +-- map-obj@1.0.1
| |   +-- minimist@1.2.0
| |   +-- normalize-package-data@2.3.8
| |   | +-- hosted-git-info@2.4.2
| |   | +-- is-builtin-module@1.0.0
| |   | | `-- builtin-modules@1.1.1
| |   | `-- validate-npm-package-license@3.0.1
| |   |   +-- spdx-correct@1.0.2
| |   |   | `-- spdx-license-ids@1.2.2
| |   |   `-- spdx-expression-parse@1.0.4
| |   +-- read-pkg-up@1.0.1
| |   | +-- find-up@1.1.2
| |   | | `-- path-exists@2.1.0
| |   | `-- read-pkg@1.1.0
| |   |   +-- load-json-file@1.1.0
| |   |   | +-- graceful-fs@4.1.11
| |   |   | +-- parse-json@2.2.0
| |   |   | | `-- error-ex@1.3.1
| |   |   | |   `-- is-arrayish@0.2.1
| |   |   | `-- strip-bom@2.0.0
| |   |   `-- path-type@1.1.0
| |   +-- redent@1.0.0
| |   | +-- indent-string@2.1.0
| |   | | `-- repeating@2.0.1
| |   | |   `-- is-finite@1.0.2
| |   | |     `-- number-is-nan@1.0.1
| |   | `-- strip-indent@1.0.1
| |   `-- trim-newlines@1.0.0
| +-- fancy-log@1.3.0
| | `-- time-stamp@1.1.0
| +-- gulplog@1.0.0
| | `-- glogg@1.0.0
| +-- has-gulplog@0.1.0
| | `-- sparkles@1.0.0
| +-- lodash._reescape@3.0.0
| +-- lodash._reevaluate@3.0.0
| +-- lodash._reinterpolate@3.0.0
| +-- lodash.template@3.6.2
| | +-- lodash._basecopy@3.0.1
| | +-- lodash._basetostring@3.0.1
| | +-- lodash._basevalues@3.0.0
| | +-- lodash._isiterateecall@3.0.9
| | +-- lodash.escape@3.2.0
| | | `-- lodash._root@3.0.1
| | +-- lodash.keys@3.1.2
| | | +-- lodash._getnative@3.9.1
| | | +-- lodash.isarguments@3.1.0
| | | `-- lodash.isarray@3.0.4
| | +-- lodash.restparam@3.6.1
| | `-- lodash.templatesettings@3.1.1
| +-- minimist@1.2.0
| +-- multipipe@0.1.2
| | `-- duplexer2@0.0.2
| +-- object-assign@3.0.0
| +-- replace-ext@0.0.1
| `-- vinyl@0.5.3
|   +-- clone@1.0.2
|   `-- clone-stats@0.0.1
+-- jasmine-core@2.5.2
+-- jasmine-data-provider@2.2.0
+-- jasmine-reporters@2.2.1
| +-- mkdirp@0.5.1
| | `-- minimist@0.0.8
| `-- xmldom@0.1.27
+-- jasmine-spec-reporter@2.4.0
| `-- colors@1.1.2
+-- jasmine-xml2html-converter@0.0.2
| `-- xmldoc@0.3.2
|   `-- sax@1.1.6
+-- log4js@1.1.1
| +-- debug@2.6.6
| | `-- ms@0.7.3
| +-- semver@5.3.0
| `-- streamroller@0.4.1
|   +-- date-format@0.0.0
|   +-- debug@0.7.4
|   `-- readable-stream@1.1.14
|     +-- isarray@0.0.1
|     `-- string_decoder@0.10.31
+-- protractor@5.1.2  invalid
| +-- @types/node@6.0.73
| +-- @types/q@0.0.32
| +-- @types/selenium-webdriver@2.53.42
| +-- blocking-proxy@0.0.5
| | `-- minimist@1.2.0
| +-- glob@7.1.1
| | +-- fs.realpath@1.0.0
| | +-- inflight@1.0.6
| | | `-- wrappy@1.0.2
| | +-- inherits@2.0.3
| | +-- minimatch@3.0.4
| | | `-- brace-expansion@1.1.7
| | |   +-- balanced-match@0.4.2
| | |   `-- concat-map@0.0.1
| | +-- once@1.4.0
| | `-- path-is-absolute@1.0.1
| +-- jasmine@2.6.0
| | `-- exit@0.1.2
| +-- jasminewd2@2.1.0
| +-- optimist@0.6.1
| | `-- wordwrap@0.0.3
| +-- q@1.4.1
| +-- saucelabs@1.3.0
| | `-- https-proxy-agent@1.0.0
| |   `-- agent-base@2.0.1
| |     `-- semver@5.0.3
| +-- selenium-webdriver@3.0.1
| | `-- tmp@0.0.30
| |   `-- os-tmpdir@1.0.2
| +-- source-map-support@0.4.15
| | `-- source-map@0.5.6
| +-- webdriver-js-extender@1.0.0
| | `-- selenium-webdriver@2.53.3
| |   +-- adm-zip@0.4.4
| |   +-- tmp@0.0.24
| |   +-- ws@1.1.4
| |   | +-- options@0.0.6
| |   | `-- ultron@1.0.2
| |   `-- xml2js@0.4.4
| |     `-- sax@0.6.1
| `-- webdriver-manager@12.0.6
|   +-- minimist@1.2.0
|   `-- xml2js@0.4.17
|     +-- sax@1.2.2
|     `-- xmlbuilder@4.2.1
+-- protractor-jasmine2-html-reporter@0.0.6
| +-- hat@0.0.3
| `-- string.prototype.startswith@0.2.0
+-- vinyl-source-stream@1.1.0
| +-- through2@0.6.5
| | `-- readable-stream@1.0.34
| `-- vinyl@0.4.6
|   `-- clone@0.2.0
`-- webdriver-manager@10.2.6
  +-- adm-zip@0.4.7
  +-- del@2.2.2
  | +-- globby@5.0.0
  | | +-- array-union@1.0.2
  | | `-- arrify@1.0.1
  | +-- is-path-cwd@1.0.0
  | +-- is-path-in-cwd@1.0.0
  | | `-- is-path-inside@1.0.0
  | |   `-- path-is-inside@1.0.2
  | +-- object-assign@4.1.1
  | +-- pify@2.3.0
  | `-- pinkie-promise@2.0.1
  |   `-- pinkie@2.0.4
  +-- ini@1.3.4
  +-- minimist@1.2.0
  +-- request@2.81.0
  | +-- aws-sign2@0.6.0
  | +-- aws4@1.6.0
  | +-- caseless@0.12.0
  | +-- combined-stream@1.0.5
  | | `-- delayed-stream@1.0.0
  | +-- forever-agent@0.6.1
  | +-- form-data@2.1.4
  | | `-- asynckit@0.4.0
  | +-- har-validator@4.2.1
  | | +-- ajv@4.11.8
  | | | +-- co@4.6.0
  | | | `-- json-stable-stringify@1.0.1
  | | |   `-- jsonify@0.0.0
  | | `-- har-schema@1.0.5
  | +-- hawk@3.1.3
  | | +-- boom@2.10.1
  | | +-- cryptiles@2.0.5
  | | +-- hoek@2.16.3
  | | `-- sntp@1.0.9
  | +-- http-signature@1.1.1
  | | +-- assert-plus@0.2.0
  | | +-- jsprim@1.4.0
  | | | +-- assert-plus@1.0.0
  | | | +-- extsprintf@1.0.2
  | | | +-- json-schema@0.2.3
  | | | `-- verror@1.3.6
  | | `-- sshpk@1.13.0
  | |   +-- asn1@0.2.3
  | |   +-- assert-plus@1.0.0
  | |   +-- bcrypt-pbkdf@1.0.1
  | |   +-- dashdash@1.14.1
  | |   | `-- assert-plus@1.0.0
  | |   +-- ecc-jsbn@0.1.1
  | |   +-- getpass@0.1.7
  | |   | `-- assert-plus@1.0.0
  | |   +-- jodid25519@1.0.2
  | |   +-- jsbn@0.1.1
  | |   `-- tweetnacl@0.14.5
  | +-- is-typedarray@1.0.0
  | +-- isstream@0.1.2
  | +-- json-stringify-safe@5.0.1
  | +-- mime-types@2.1.15
  | | `-- mime-db@1.27.0
  | +-- oauth-sign@0.8.2
  | +-- performance-now@0.2.0
  | +-- qs@6.4.0
  | +-- safe-buffer@5.0.1
  | +-- stringstream@0.0.5
  | +-- tough-cookie@2.3.2
  | | `-- punycode@1.4.1
  | +-- tunnel-agent@0.6.0
  | `-- uuid@3.0.1
  `-- rimraf@2.6.1

npm WARN delta-dental_CX_Test_Automation@0.0.3 No repository field.
npm WARN delta-dental_CX_Test_Automation@0.0.3 license should be a valid SPDX license expression
